<?xml version="1.0" encoding="UTF-8"?>
<!-- Generated by org.testng.reporters.JUnitXMLReporter -->
<testsuite ignored="0" hostname="DESKTOP-6SJFPTN" failures="1" tests="2" name="Default test" time="26.77" errors="0" timestamp="22 Apr 2024 07:29:10 GMT">
  <testcase classname="io.cucumber.testng.AbstractTestNGCucumberTests" name="runScenario" time="22.58">
    <failure type="org.openqa.selenium.NoSuchElementException" message="Cannot locate element with text: p
For documentation on this error, please visit: https://www.seleniumhq.org/exceptions/no_such_element.html
Build info: version: &amp;apos;3.141.59&amp;apos;, revision: &amp;apos;e82be7d358&amp;apos;, time: &amp;apos;2018-11-14T08:17:03&amp;apos;
System info: host: &amp;apos;DESKTOP-6SJFPTN&amp;apos;, ip: &amp;apos;192.168.107.96&amp;apos;, os.name: &amp;apos;Windows 10&amp;apos;, os.arch: &amp;apos;amd64&amp;apos;, os.version: &amp;apos;10.0&amp;apos;, java.version: &amp;apos;17.0.10&amp;apos;
Driver info: driver.version: unknown">
      <![CDATA[org.openqa.selenium.NoSuchElementException: Cannot locate element with text: p
For documentation on this error, please visit: https://www.seleniumhq.org/exceptions/no_such_element.html
Build info: version: '3.141.59', revision: 'e82be7d358', time: '2018-11-14T08:17:03'
System info: host: 'DESKTOP-6SJFPTN', ip: '192.168.107.96', os.name: 'Windows 10', os.arch: 'amd64', os.version: '10.0', java.version: '17.0.10'
Driver info: driver.version: unknown
at org.openqa.selenium.support.ui.Select.selectByVisibleText(Select.java:147)
at com.ajio.AjioSortShirtsByMap.user_clicks_on_sort_dropdown_and_select_option_in_a_dropdown_with_one_dim_map(AjioSortShirtsByMap.java:62)
at âœ½.User clicks on sort dropdown and select option in a dropdown with one dim map(file:///C:/Users/karun/eclipse-workspace/Ajio/src/test/resources/features/ajioMap.feature:10)
]]>
    </failure>
  </testcase> <!-- runScenario -->
  <testcase classname="io.cucumber.testng.AbstractTestNGCucumberTests" name="runScenario" time="23.544"/>
</testsuite> <!-- Default test -->
